<?xml version="1.0" encoding="UTF-8"?>
<!-- Generated by org.testng.reporters.JUnitXMLReporter -->
<testsuite hostname="LIN83000382" name="Test" tests="3" failures="0" timestamp="4 Oct 2020 06:41:02 GMT" time="3.174" errors="0">
  <testcase name="runScenario" time="1.897" classname="runnerPack.TestRunner"/>
  <testcase name="runScenario" time="0.501" classname="runnerPack.TestRunner"/>
  <testcase name="runScenario" time="0.589" classname="runnerPack.TestRunner"/>
</testsuite> <!-- Test -->
