<?xml version="1.0" encoding="UTF-8"?>
<testng-results skipped="0" failed="0" ignored="0" total="1" passed="1">
  <reporter-output>
  </reporter-output>
  <suite name="Default suite" duration-ms="273" started-at="2020-10-03T06:29:19Z" finished-at="2020-10-03T06:29:20Z">
    <groups>
      <group name="cucumber">
        <method signature="AbstractTestNGCucumberTests.runScenario(cucumber.api.testng.PickleEventWrapper, cucumber.api.testng.CucumberFeatureWrapper)[pri:0, instance:runnerPack.TestRunner@204f30ec]" name="runScenario" class="cucumber.api.testng.AbstractTestNGCucumberTests"/>
      </group> <!-- cucumber -->
    </groups>
    <test name="Default test" duration-ms="273" started-at="2020-10-03T06:29:19Z" finished-at="2020-10-03T06:29:20Z">
      <class name="runnerPack.TestRunner">
        <test-method status="PASS" signature="setUpClass()[pri:0, instance:runnerPack.TestRunner@204f30ec]" name="setUpClass" is-config="true" duration-ms="106" started-at="2020-10-03T06:29:19Z" finished-at="2020-10-03T06:29:20Z">
          <reporter-output>
          </reporter-output>
        </test-method> <!-- setUpClass -->
        <test-method status="PASS" signature="runScenario(cucumber.api.testng.PickleEventWrapper, cucumber.api.testng.CucumberFeatureWrapper)[pri:0, instance:runnerPack.TestRunner@204f30ec]" name="runScenario" duration-ms="119" started-at="2020-10-03T06:29:20Z" description="Runs Cucumber Scenarios" data-provider="scenarios" finished-at="2020-10-03T06:29:20Z">
          <params>
            <param index="0">
              <value>
                <![CDATA["James1"]]>
              </value>
            </param>
            <param index="1">
              <value>
                <![CDATA["Testing"]]>
              </value>
            </param>
          </params>
          <reporter-output>
          </reporter-output>
        </test-method> <!-- runScenario -->
        <test-method status="PASS" signature="tearDownClass()[pri:0, instance:runnerPack.TestRunner@204f30ec]" name="tearDownClass" is-config="true" duration-ms="3" started-at="2020-10-03T06:29:20Z" finished-at="2020-10-03T06:29:20Z">
          <reporter-output>
          </reporter-output>
        </test-method> <!-- tearDownClass -->
      </class> <!-- runnerPack.TestRunner -->
    </test> <!-- Default test -->
  </suite> <!-- Default suite -->
</testng-results>
