<?xml version="1.0" encoding="UTF-8"?>
<testng-results skipped="0" failed="0" total="1" passed="1">
  <reporter-output>
  </reporter-output>
  <suite name="Suite" duration-ms="264" started-at="2020-10-25T10:54:07Z" finished-at="2020-10-25T10:54:08Z">
    <groups>
      <group name="cucumber">
        <method signature="AbstractTestNGCucumberTests.runScenario(cucumber.api.testng.PickleEventWrapper, cucumber.api.testng.CucumberFeatureWrapper)[pri:0, instance:runnerPack.TestRunner@5db45159]" name="runScenario" class="cucumber.api.testng.AbstractTestNGCucumberTests"/>
      </group> <!-- cucumber -->
    </groups>
    <test name="Test" duration-ms="264" started-at="2020-10-25T10:54:07Z" finished-at="2020-10-25T10:54:08Z">
      <class name="runnerPack.TestRunner">
        <test-method status="PASS" signature="setUpClass()[pri:0, instance:runnerPack.TestRunner@5db45159]" name="setUpClass" is-config="true" duration-ms="89" started-at="2020-10-25T16:24:07Z" finished-at="2020-10-25T16:24:07Z">
          <reporter-output>
          </reporter-output>
        </test-method> <!-- setUpClass -->
        <test-method status="PASS" signature="runScenario(cucumber.api.testng.PickleEventWrapper, cucumber.api.testng.CucumberFeatureWrapper)[pri:0, instance:runnerPack.TestRunner@5db45159]" name="runScenario" duration-ms="130" started-at="2020-10-25T16:24:08Z" description="Runs Cucumber Scenarios" data-provider="scenarios" finished-at="2020-10-25T16:24:08Z">
          <params>
            <param index="0">
              <value>
                <![CDATA["Data table test"]]>
              </value>
            </param>
            <param index="1">
              <value>
                <![CDATA["Data table sample"]]>
              </value>
            </param>
          </params>
          <reporter-output>
          </reporter-output>
        </test-method> <!-- runScenario -->
        <test-method status="PASS" signature="tearDownClass()[pri:0, instance:runnerPack.TestRunner@5db45159]" name="tearDownClass" is-config="true" duration-ms="3" started-at="2020-10-25T16:24:08Z" finished-at="2020-10-25T16:24:08Z">
          <reporter-output>
          </reporter-output>
        </test-method> <!-- tearDownClass -->
      </class> <!-- runnerPack.TestRunner -->
    </test> <!-- Test -->
  </suite> <!-- Suite -->
</testng-results>
